InChI=1/C10H16/c1-2-9-                                      0  26 00 0 0  0   2.
0  12      0.0000000    0   16    0    0    0    0    0    0    1 0 0
    1    2                                                                      
    1    3                                                                      
    2    9                                                                      
    3   10                                                                      
    4    5                                                                      
    4    7                                                                      
    5    8                                                                      
    6    7                                                                      
    6    8                                                                      
    7    9                                                                      
    8   10                                                                      
    9   10                                                                      
    1   15    1   16    2   17    2   18    3   19    3   20    4   21    4   22
    5   23    5   24    6   25    6   26    7   11    8   12    9   13   10   14
  -2.64544   0.00000   0.14548 C123
  -1.72363   1.20981  -0.08802 C123
  -1.72363  -1.20981  -0.08802 C123
   2.13587   0.78234   0.50146 C123
   2.13587  -0.78234   0.50146 C123
   0.87902   0.00000  -1.36542 C123
   0.87278   1.13460  -0.32546 C123
   0.87278  -1.13460  -0.32546 C123
  -0.36991   0.78504   0.53088 C123
  -0.36991  -0.78504   0.53088 C123
   0.87072   2.16593  -0.73014 H  5
   0.87072  -2.16593  -0.73014 H  5
  -0.28085   1.18064   1.56674 H  5
  -0.28085  -1.18064   1.56674 H  5
  -3.52625   0.00000  -0.53310 H  5
  -3.01401   0.00000   1.19663 H  5
  -2.12224   2.13677   0.37920 H  5
  -1.61400   1.39906  -1.17868 H  5
  -2.12224  -2.13677   0.37920 H  5
  -1.61400  -1.39906  -1.17868 H  5
   2.09076   1.20188   1.52988 H  5
   3.05354   1.17282   0.00689 H  5
   2.09076  -1.20188   1.52988 H  5
   3.05354  -1.17282   0.00689 H  5
   1.79481   0.00000  -1.99527 H  5
  -0.01061   0.00000  -2.02781 H  5
InChI=1/C10H16/c1-2-9-                                      0  26 00 0 0  0   2.
0  12      0.0000000    0   16    0    0    0    0    0    0    1 0 0
    1    2                                                                      
    1    3                                                                      
    2    9                                                                      
    3   10                                                                      
    4    5                                                                      
    4    7                                                                      
    5    8                                                                      
    6    7                                                                      
    6    8                                                                      
    7    9                                                                      
    8   10                                                                      
    9   10                                                                      
    1   15    1   16    2   17    2   18    3   19    3   20    4   21    4   22
    5   23    5   24    6   25    6   26    7   11    8   12    9   13   10   14
   2.64581   0.00000  -0.14510 C123
   1.72389   1.21009   0.08781 C123
   1.72389  -1.21009   0.08781 C123
  -2.13627   0.78248  -0.50142 C123
  -2.13627  -0.78248  -0.50142 C123
  -0.87900   0.00000   1.36561 C123
  -0.87289   1.13468   0.32549 C123
  -0.87289  -1.13468   0.32549 C123
   0.36994   0.78517  -0.53101 C123
   0.36994  -0.78517  -0.53101 C123
  -0.87080   2.16603   0.73031 H  5
  -0.87080  -2.16603   0.73031 H  5
   0.28070   1.18079  -1.56692 H  5
   0.28070  -1.18079  -1.56692 H  5
   3.52604   0.00000   0.53431 H  5
   3.01500   0.00000  -1.19609 H  5
   2.12262   2.13669  -0.38013 H  5
   1.61414   1.39976   1.17843 H  5
   2.12262  -2.13669  -0.38013 H  5
   1.61414  -1.39976   1.17843 H  5
  -2.09095   1.20187  -1.52994 H  5
  -3.05388   1.17293  -0.00662 H  5
  -2.09095  -1.20187  -1.52994 H  5
  -3.05388  -1.17293  -0.00662 H  5
  -1.79484   0.00000   1.99546 H  5
   0.01096   0.00000   2.02765 H  5
InChI=1/C10H16/c1-2-9-                                      0  26 00 0 0  0   2.
0  12      0.0000000    0   16    0    0    0    0    0    0    1 0 0
    1    2                                                                      
    1    3                                                                      
    2    9                                                                      
    3   10                                                                      
    4    5                                                                      
    4    7                                                                      
    5    8                                                                      
    6    7                                                                      
    6    8                                                                      
    7    9                                                                      
    8   10                                                                      
    9   10                                                                      
    1   15    1   16    2   17    2   18    3   19    3   20    4   21    4   22
    5   23    5   24    6   25    6   26    7   11    8   12    9   13   10   14
   2.64614   0.00000   0.14476 C123
   1.72412  -1.21034  -0.08761 C123
   1.72412   1.21034  -0.08761 C123
  -2.13663  -0.78261   0.50138 C123
  -2.13663   0.78261   0.50138 C123
  -0.87897   0.00000  -1.36578 C123
  -0.87300  -1.13476  -0.32552 C123
  -0.87300   1.13476  -0.32552 C123
   0.36998  -0.78530   0.53113 C123
   0.36998   0.78530   0.53113 C123
  -0.87088  -2.16613  -0.73047 H  5
  -0.87088   2.16613  -0.73047 H  5
   0.28057  -1.18093   1.56709 H  5
   0.28057   1.18093   1.56709 H  5
   3.52585   0.00000  -0.53543 H  5
   3.01591   0.00000   1.19558 H  5
   2.12296  -2.13663   0.38098 H  5
   1.61426  -1.40041  -1.17819 H  5
   2.12296   2.13663   0.38098 H  5
   1.61426   1.40041  -1.17819 H  5
  -2.09113  -1.20186   1.52999 H  5
  -3.05419  -1.17304   0.00637 H  5
  -2.09113   1.20186   1.52999 H  5
  -3.05419   1.17304   0.00637 H  5
  -1.79486   0.00000  -1.99563 H  5
   0.01128   0.00000  -2.02750 H  5
InChI=1/C10H16/c1-2-9-                                      0  26 00 0 0  0   2.
0  12      0.0000000    0   16    0    0    0    0    0    0    1 0 0
    1    2                                                                      
    1    3                                                                      
    2    9                                                                      
    3   10                                                                      
    4    5                                                                      
    4    7                                                                      
    5    8                                                                      
    6    7                                                                      
    6    8                                                                      
    7    9                                                                      
    8   10                                                                      
    9   10                                                                      
    1   15    1   16    2   17    2   18    3   19    3   20    4   21    4   22
    5   23    5   24    6   25    6   26    7   11    8   12    9   13   10   14
   2.64646   0.00000   0.14444 C123
   1.72433  -1.21058  -0.08742 C123
   1.72433   1.21058  -0.08742 C123
  -2.13696  -0.78272   0.50134 C123
  -2.13696   0.78273   0.50134 C123
  -0.87895   0.00000  -1.36594 C123
  -0.87310  -1.13484  -0.32555 C123
  -0.87310   1.13484  -0.32556 C123
   0.37001  -0.78541   0.53125 C123
   0.37001   0.78541   0.53125 C123
  -0.87096  -2.16622  -0.73061 H  5
  -0.87095   2.16621  -0.73062 H  5
   0.28044  -1.18106   1.56724 H  5
   0.28044   1.18106   1.56724 H  5
   3.52567   0.00000  -0.53645 H  5
   3.01676   0.00000   1.19512 H  5
   2.12329  -2.13657   0.38176 H  5
   1.61437  -1.40101  -1.17798 H  5
   2.12329   2.13657   0.38177 H  5
   1.61438   1.40102  -1.17798 H  5
  -2.09130  -1.20185   1.53005 H  5
  -3.05448  -1.17313   0.00615 H  5
  -2.09130   1.20186   1.53004 H  5
  -3.05448   1.17313   0.00614 H  5
  -1.79489  -0.00001  -1.99580 H  5
   0.01158  -0.00001  -2.02736 H  5
InChI=1/C10H16/c1-2-9-                                      0  26 00 0 0  0   2.
0  12      0.0000000    0   16    0    0    0    0    0    0    1 0 0
    1    2                                                                      
    1    3                                                                      
    2    9                                                                      
    3   10                                                                      
    4    5                                                                      
    4    7                                                                      
    5    8                                                                      
    6    7                                                                      
    6    8                                                                      
    7    9                                                                      
    8   10                                                                      
    9   10                                                                      
    1   15    1   16    2   17    2   18    3   19    3   20    4   21    4   22
    5   23    5   24    6   25    6   26    7   11    8   12    9   13   10   14
   2.64676   0.00000   0.14412 C123
   1.72454  -1.21081  -0.08724 C123
   1.72454   1.21081  -0.08724 C123
  -2.13728  -0.78284   0.50130 C123
  -2.13728   0.78284   0.50130 C123
  -0.87893   0.00000  -1.36609 C123
  -0.87320  -1.13491  -0.32558 C123
  -0.87320   1.13491  -0.32558 C123
   0.37004  -0.78553   0.53136 C123
   0.37004   0.78553   0.53136 C123
  -0.87102  -2.16631  -0.73075 H  5
  -0.87102   2.16630  -0.73075 H  5
   0.28032  -1.18119   1.56739 H  5
   0.28032   1.18119   1.56739 H  5
   3.52549   0.00000  -0.53747 H  5
   3.01759   0.00000   1.19466 H  5
   2.12360  -2.13651   0.38254 H  5
   1.61448  -1.40161  -1.17776 H  5
   2.12360   2.13651   0.38254 H  5
   1.61448   1.40161  -1.17776 H  5
  -2.09146  -1.20186   1.53010 H  5
  -3.05475  -1.17323   0.00592 H  5
  -2.09146   1.20186   1.53010 H  5
  -3.05475   1.17322   0.00592 H  5
  -1.79490   0.00000  -1.99596 H  5
   0.01187   0.00000  -2.02723 H  5
InChI=1/C10H16/c1-2-9-                                      0  26 00 0 0  0   2.
0  12      0.0000000    0   16    0    0    0    0    0    0    1 0 0
    1    2                                                                      
    1    3                                                                      
    2    9                                                                      
    3   10                                                                      
    4    5                                                                      
    4    7                                                                      
    5    8                                                                      
    6    7                                                                      
    6    8                                                                      
    7    9                                                                      
    8   10                                                                      
    9   10                                                                      
    1   15    1   16    2   17    2   18    3   19    3   20    4   21    4   22
    5   23    5   24    6   25    6   26    7   11    8   12    9   13   10   14
  -2.64704   0.00000  -0.14383 C123
  -1.72473  -1.21102   0.08707 C123
  -1.72473   1.21102   0.08707 C123
   2.13759  -0.78294  -0.50127 C123
   2.13759   0.78294  -0.50127 C123
   0.87891   0.00000   1.36623 C123
   0.87329  -1.13498   0.32561 C123
   0.87329   1.13498   0.32561 C123
  -0.37007  -0.78563  -0.53146 C123
  -0.37007   0.78563  -0.53146 C123
   0.87109  -2.16639   0.73088 H  5
   0.87109   2.16639   0.73088 H  5
  -0.28020  -1.18131  -1.56753 H  5
  -0.28020   1.18131  -1.56753 H  5
  -3.52532   0.00000   0.53841 H  5
  -3.01837   0.00000  -1.19423 H  5
  -2.12389  -2.13645  -0.38325 H  5
  -1.61458  -1.40216   1.17756 H  5
  -2.12389   2.13645  -0.38325 H  5
  -1.61458   1.40216   1.17756 H  5
   2.09162  -1.20185  -1.53014 H  5
   3.05501  -1.17331  -0.00572 H  5
   2.09162   1.20185  -1.53014 H  5
   3.05501   1.17331  -0.00572 H  5
   1.79492   0.00000   1.99611 H  5
  -0.01214   0.00000   2.02711 H  5
InChI=1/C10H16/c1-2-9-                                      0  26 00 0 0  0   2.
0  12      0.0000000    0   16    0    0    0    0    0    0    1 0 0
    1    2                                                                      
    1    3                                                                      
    2    9                                                                      
    3   10                                                                      
    4    5                                                                      
    4    7                                                                      
    5    8                                                                      
    6    7                                                                      
    6    8                                                                      
    7    9                                                                      
    8   10                                                                      
    9   10                                                                      
    1   15    1   16    2   17    2   18    3   19    3   20    4   21    4   22
    5   23    5   24    6   25    6   26    7   11    8   12    9   13   10   14
  -2.64731   0.00000  -0.14354 C123
  -1.72492  -1.21123   0.08690 C123
  -1.72492   1.21123   0.08690 C123
   2.13788  -0.78305  -0.50124 C123
   2.13788   0.78305  -0.50124 C123
   0.87888   0.00000   1.36637 C123
   0.87338  -1.13504   0.32563 C123
   0.87338   1.13504   0.32563 C123
  -0.37010  -0.78573  -0.53156 C123
  -0.37010   0.78573  -0.53156 C123
   0.87115  -2.16647   0.73101 H  5
   0.87115   2.16647   0.73101 H  5
  -0.28009  -1.18142  -1.56767 H  5
  -0.28009   1.18142  -1.56767 H  5
  -3.52516   0.00000   0.53932 H  5
  -3.01912   0.00000  -1.19381 H  5
  -2.12417  -2.13640  -0.38395 H  5
  -1.61468  -1.40270   1.17737 H  5
  -2.12417   2.13640  -0.38395 H  5
  -1.61468   1.40270   1.17737 H  5
   2.09177  -1.20185  -1.53019 H  5
   3.05527  -1.17340  -0.00552 H  5
   2.09177   1.20185  -1.53019 H  5
   3.05527   1.17340  -0.00552 H  5
   1.79493   0.00000   1.99626 H  5
  -0.01240   0.00000   2.02699 H  5
InChI=1/C10H16/c1-2-9-                                      0  26 00 0 0  0   2.
0  12      0.0000000    0   16    0    0    0    0    0    0    1 0 0
    1    2                                                                      
    1    3                                                                      
    2    9                                                                      
    3   10                                                                      
    4    5                                                                      
    4    7                                                                      
    5    8                                                                      
    6    7                                                                      
    6    8                                                                      
    7    9                                                                      
    8   10                                                                      
    9   10                                                                      
    1   15    1   16    2   17    2   18    3   19    3   20    4   21    4   22
    5   23    5   24    6   25    6   26    7   11    8   12    9   13   10   14
  -2.39605   0.00000  -0.45711 C123
  -1.75123   1.22137   0.22697 C123
  -1.75123  -1.22138   0.22697 C123
   2.15215   0.78252   0.35752 C123
   2.15216  -0.78252   0.35752 C123
   0.71182   0.00000  -1.36362 C123
   0.80508   1.13145  -0.32797 C123
   0.80508  -1.13145  -0.32797 C123
  -0.33336   0.78387   0.66805 C123
  -0.33336  -0.78387   0.66805 C123
   0.76088   2.16271  -0.73036 H  5
   0.76088  -2.16270  -0.73036 H  5
  -0.10608   1.19599   1.67628 H  5
  -0.10608  -1.19599   1.67628 H  5
  -2.18505   0.00000  -1.54760 H  5
  -3.50242   0.00000  -0.33960 H  5
  -2.34692   1.49170   1.12920 H  5
  -1.72781   2.11039  -0.43977 H  5
  -2.34692  -1.49170   1.12921 H  5
  -1.72781  -2.11039  -0.43977 H  5
   2.21984   1.20252   1.38445 H  5
   3.01012   1.17326  -0.23447 H  5
   2.21984  -1.20253   1.38444 H  5
   3.01012  -1.17325  -0.23448 H  5
   1.56672   0.00000  -2.07413 H  5
  -0.22683   0.00000  -1.94785 H  5
InChI=1/C10H16/c1-2-9-                                      0  26 00 0 0  0   2.
0  12      0.0000000    0   16    0    0    0    0    0    0    1 0 0
    1    2                                                                      
    1    3                                                                      
    2    9                                                                      
    3   10                                                                      
    4    5                                                                      
    4    7                                                                      
    5    8                                                                      
    6    7                                                                      
    6    8                                                                      
    7    9                                                                      
    8   10                                                                      
    9   10                                                                      
    1   15    1   16    2   17    2   18    3   19    3   20    4   21    4   22
    5   23    5   24    6   25    6   26    7   11    8   12    9   13   10   14
  -2.39664   0.00000  -0.45688 C123
  -1.75147   1.22168   0.22687 C123
  -1.75147  -1.22168   0.22687 C123
   2.15259   0.78268   0.35759 C123
   2.15259  -0.78268   0.35758 C123
   0.71187   0.00000  -1.36380 C123
   0.80527   1.13155  -0.32799 C123
   0.80527  -1.13155  -0.32799 C123
  -0.33345   0.78403   0.66809 C123
  -0.33345  -0.78403   0.66809 C123
   0.76104   2.16283  -0.73054 H  5
   0.76104  -2.16283  -0.73054 H  5
  -0.10617   1.19609   1.67642 H  5
  -0.10617  -1.19609   1.67642 H  5
  -2.18595   0.00000  -1.54749 H  5
  -3.50298   0.00000  -0.33850 H  5
  -2.34708   1.49247   1.12909 H  5
  -1.72764   2.11022  -0.44058 H  5
  -2.34708  -1.49247   1.12909 H  5
  -1.72765  -2.11023  -0.44057 H  5
   2.21994   1.20251   1.38467 H  5
   3.01052   1.17338  -0.23457 H  5
   2.21994  -1.20252   1.38466 H  5
   3.01052  -1.17338  -0.23457 H  5
   1.56684   0.00000  -2.07432 H  5
  -0.22714   0.00000  -1.94757 H  5
InChI=1/C10H16/c1-2-9-                                      0  26 00 0 0  0   2.
0  12      0.0000000    0   16    0    0    0    0    0    0    1 0 0
    1    2                                                                      
    1    3                                                                      
    2    9                                                                      
    3   10                                                                      
    4    5                                                                      
    4    7                                                                      
    5    8                                                                      
    6    7                                                                      
    6    8                                                                      
    7    9                                                                      
    8   10                                                                      
    9   10                                                                      
    1   15    1   16    2   17    2   18    3   19    3   20    4   21    4   22
    5   23    5   24    6   25    6   26    7   11    8   12    9   13   10   14
  -2.39721   0.00000   0.45664 C123
  -1.75171  -1.22198  -0.22678 C123
  -1.75171   1.22198  -0.22678 C123
   2.15300  -0.78283  -0.35765 C123
   2.15300   0.78283  -0.35765 C123
   0.71192   0.00000   1.36398 C123
   0.80546  -1.13165   0.32802 C123
   0.80546   1.13165   0.32801 C123
  -0.33354  -0.78418  -0.66813 C123
  -0.33354   0.78418  -0.66813 C123
   0.76120  -2.16295   0.73072 H  5
   0.76120   2.16296   0.73071 H  5
  -0.10627  -1.19620  -1.67656 H  5
  -0.10627   1.19619  -1.67656 H  5
  -2.18684   0.00000   1.54738 H  5
  -3.50353   0.00000   0.33742 H  5
  -2.34724  -1.49321  -1.12897 H  5
  -1.72749  -2.11007   0.44136 H  5
  -2.34724   1.49321  -1.12897 H  5
  -1.72748   2.11007   0.44136 H  5
   2.22004  -1.20251  -1.38488 H  5
   3.01091  -1.17351   0.23466 H  5
   2.22004   1.20250  -1.38488 H  5
   3.01091   1.17351   0.23465 H  5
   1.56695   0.00000   2.07449 H  5
  -0.22744   0.00001   1.94729 H  5
InChI=1/C10H16/c1-2-9-                                      0  26 00 0 0  0   2.
0  12      0.0000000    0   16    0    0    0    0    0    0    1 0 0
    1    2                                                                      
    1    3                                                                      
    2    9                                                                      
    3   10                                                                      
    4    5                                                                      
    4    7                                                                      
    5    8                                                                      
    6    7                                                                      
    6    8                                                                      
    7    9                                                                      
    8   10                                                                      
    9   10                                                                      
    1   15    1   16    2   17    2   18    3   19    3   20    4   21    4   22
    5   23    5   24    6   25    6   26    7   11    8   12    9   13   10   14
   2.39772   0.00000  -0.45644 C123
   1.75192  -1.22224   0.22670 C123
   1.75192   1.22224   0.22670 C123
  -2.15337  -0.78296   0.35771 C123
  -2.15337   0.78296   0.35771 C123
  -0.71197   0.00000  -1.36413 C123
  -0.80563  -1.13175  -0.32804 C123
  -0.80563   1.13174  -0.32804 C123
   0.33361  -0.78431   0.66816 C123
   0.33361   0.78431   0.66816 C123
  -0.76134  -2.16307  -0.73087 H  5
  -0.76134   2.16307  -0.73086 H  5
   0.10635  -1.19628   1.67668 H  5
   0.10635   1.19628   1.67669 H  5
   2.18761   0.00000  -1.54729 H  5
   3.50400   0.00000  -0.33648 H  5
   2.34738  -1.49387   1.12887 H  5
   1.72735  -2.10993  -0.44205 H  5
   2.34738   1.49387   1.12887 H  5
   1.72735   2.10994  -0.44204 H  5
  -2.22012  -1.20250   1.38506 H  5
  -3.01125  -1.17362  -0.23473 H  5
  -2.22013   1.20250   1.38507 H  5
  -3.01125   1.17362  -0.23473 H  5
  -1.56705   0.00000  -2.07465 H  5
   0.22770   0.00000  -1.94706 H  5
InChI=1/C10H16/c1-2-9-                                      0  26 00 0 0  0   2.
0  12      0.0000000    0   16    0    0    0    0    0    0    1 0 0
    1    2                                                                      
    1    3                                                                      
    2    9                                                                      
    3   10                                                                      
    4    5                                                                      
    4    7                                                                      
    5    8                                                                      
    6    7                                                                      
    6    8                                                                      
    7    9                                                                      
    8   10                                                                      
    9   10                                                                      
    1   15    1   16    2   17    2   18    3   19    3   20    4   21    4   22
    5   23    5   24    6   25    6   26    7   11    8   12    9   13   10   14
   2.39818   0.00000  -0.45625 C123
   1.75210  -1.22248   0.22663 C123
   1.75210   1.22248   0.22662 C123
  -2.15370  -0.78309   0.35776 C123
  -2.15370   0.78308   0.35776 C123
  -0.71201   0.00000  -1.36427 C123
  -0.80577  -1.13183  -0.32806 C123
  -0.80577   1.13183  -0.32806 C123
   0.33368  -0.78444   0.66819 C123
   0.33368   0.78444   0.66819 C123
  -0.76147  -2.16317  -0.73101 H  5
  -0.76147   2.16317  -0.73100 H  5
   0.10642  -1.19636   1.67680 H  5
   0.10642   1.19636   1.67680 H  5
   2.18831   0.00000  -1.54720 H  5
   3.50443   0.00000  -0.33563 H  5
   2.34751  -1.49446   1.12877 H  5
   1.72722  -2.10981  -0.44266 H  5
   2.34751   1.49446   1.12877 H  5
   1.72722   2.10981  -0.44267 H  5
  -2.22020  -1.20250   1.38523 H  5
  -3.01156  -1.17372  -0.23480 H  5
  -2.22020   1.20249   1.38524 H  5
  -3.01156   1.17372  -0.23480 H  5
  -1.56714   0.00000  -2.07480 H  5
   0.22794   0.00000  -1.94685 H  5
InChI=1/C10H16/c1-2-9-                                      0  26 00 0 0  0   2.
0  12      0.0000000    0   16    0    0    0    0    0    0    1 0 0
    1    2                                                                      
    1    3                                                                      
    2    9                                                                      
    3   10                                                                      
    4    5                                                                      
    4    7                                                                      
    5    8                                                                      
    6    7                                                                      
    6    8                                                                      
    7    9                                                                      
    8   10                                                                      
    9   10                                                                      
    1   15    1   16    2   17    2   18    3   19    3   20    4   21    4   22
    5   23    5   24    6   25    6   26    7   11    8   12    9   13   10   14
   2.39860   0.00000   0.45608 C123
   1.75227   1.22270  -0.22656 C123
   1.75227  -1.22270  -0.22656 C123
  -2.15400   0.78320  -0.35781 C123
  -2.15400  -0.78319  -0.35781 C123
  -0.71204   0.00000   1.36440 C123
  -0.80591   1.13190   0.32808 C123
  -0.80591  -1.13190   0.32808 C123
   0.33375   0.78455  -0.66822 C123
   0.33375  -0.78455  -0.66822 C123
  -0.76158   2.16326   0.73113 H  5
  -0.76159  -2.16326   0.73113 H  5
   0.10649   1.19644  -1.67690 H  5
   0.10649  -1.19644  -1.67690 H  5
   2.18896   0.00000   1.54712 H  5
   3.50483   0.00000   0.33484 H  5
   2.34762   1.49501  -1.12869 H  5
   1.72711   2.10970   0.44323 H  5
   2.34762  -1.49501  -1.12869 H  5
   1.72710  -2.10970   0.44323 H  5
  -2.22028   1.20249  -1.38539 H  5
  -3.01184   1.17381   0.23487 H  5
  -2.22028  -1.20249  -1.38539 H  5
  -3.01185  -1.17381   0.23486 H  5
  -1.56722   0.00000   2.07494 H  5
   0.22815   0.00000   1.94665 H  5
